modules/app-blocker/android/build/intermediates/manifest_merge_blame_file/debug/processDebugManifest/manifest-merger-blame-debug-report.txt
1<?xml version="1.0" encoding="utf-8"?>
2<manifest xmlns:android="http://schemas.android.com/apk/res/android"
3    xmlns:tools="http://schemas.android.com/tools"
4    package="expo.modules.appblocker" >
5
6    <uses-sdk android:minSdkVersion="26" />
7
8    <uses-permission
8-->src\main\AndroidManifest.xml:2:3-159
9        xmlns:tools="http://schemas.android.com/tools"
9-->src\main\AndroidManifest.xml:2:110-156
10        android:name="android.permission.PACKAGE_USAGE_STATS"
10-->src\main\AndroidManifest.xml:2:20-73
11        tools:ignore="ProtectedPermissions" />
11-->src\main\AndroidManifest.xml:2:74-109
12    <uses-permission android:name="android.permission.SYSTEM_ALERT_WINDOW" />
12-->src\main\AndroidManifest.xml:3:3-76
12-->src\main\AndroidManifest.xml:3:20-73
13    <uses-permission android:name="android.permission.FOREGROUND_SERVICE" />
13-->src\main\AndroidManifest.xml:4:3-75
13-->src\main\AndroidManifest.xml:4:20-72
14    <uses-permission android:name="android.permission.FOREGROUND_SERVICE_SPECIAL_USE" />
14-->src\main\AndroidManifest.xml:5:3-87
14-->src\main\AndroidManifest.xml:5:20-84
15    <uses-permission android:name="android.permission.REQUEST_IGNORE_BATTERY_OPTIMIZATIONS" />
15-->src\main\AndroidManifest.xml:6:3-93
15-->src\main\AndroidManifest.xml:6:20-90
16    <uses-permission
16-->src\main\AndroidManifest.xml:7:3-164
17        xmlns:tools="http://schemas.android.com/tools"
17-->src\main\AndroidManifest.xml:7:73-119
18        android:name="android.permission.QUERY_ALL_PACKAGES"
18-->src\main\AndroidManifest.xml:7:20-72
19        tools:ignore="QueryAllPackagesPermission" />
19-->src\main\AndroidManifest.xml:7:120-161
20
21    <application>
21-->src\main\AndroidManifest.xml:9:3-18:17
22        <service
22-->src\main\AndroidManifest.xml:10:5-17:15
23            android:name="expo.modules.appblocker.BlockerService"
23-->src\main\AndroidManifest.xml:11:7-60
24            android:exported="false"
24-->src\main\AndroidManifest.xml:12:7-31
25            android:foregroundServiceType="specialUse" >
25-->src\main\AndroidManifest.xml:13:7-49
26            <property
26-->src\main\AndroidManifest.xml:14:7-16:88
27                android:name="android.app.PROPERTY_SPECIAL_USE_FGS_SUBTYPE"
27-->src\main\AndroidManifest.xml:15:9-68
28                android:value="Keeps other apps locked until the alarm mission is completed" />
28-->src\main\AndroidManifest.xml:16:9-85
29        </service>
30    </application>
31
32</manifest>